<?xml version="1.0" encoding="UTF-8"?>
<!-- Generated by org.testng.reporters.JUnitReportReporter -->
<testsuite skipped="0" hostname="LAPTOP-IS2QK44U" name="com.crm.qa.testcases.LoginPageTest" tests="3" failures="0" timestamp="29 May 2018 15:47:02 GMT" time="45.074" errors="0">
  <testcase name="loginPageTitleTest" time="13.999" classname="com.crm.qa.testcases.LoginPageTest"/>
  <testcase name="crmLogoImageTest" time="11.934" classname="com.crm.qa.testcases.LoginPageTest"/>
  <testcase name="loginTest" time="19.141" classname="com.crm.qa.testcases.LoginPageTest"/>
</testsuite> <!-- com.crm.qa.testcases.LoginPageTest -->
